<?xml version="1.0" encoding="UTF-8"?>
<!-- Generated by org.testng.reporters.JUnitReportReporter -->
<testsuite hostname="MIRKOP-LT" failures="0" tests="3" name="p19_09_2022.KatalonLoginTests" time="9.882" errors="0" timestamp="2022-09-19T22:13:43 CEST" skipped="0">
  <testcase classname="p19_09_2022.KatalonLoginTests" name="visitLoginPageFromNavBar" time="2.190"/>
  <system-out/>
  <testcase classname="p19_09_2022.KatalonLoginTests" name="checkInputTypes" time="3.950"/>
  <system-out/>
  <testcase classname="p19_09_2022.KatalonLoginTests" name="displayErrorWhenCredentialsAreWrong" time="3.742"/>
  <system-out/>
</testsuite> <!-- p19_09_2022.KatalonLoginTests -->
