<?xml version="1.0" encoding="UTF-8"?>
<!-- Generated by org.testng.reporters.JUnitReportReporter -->
<testsuite hostname="MIRKOP-LT" failures="0" tests="1" name="d19_09_2022.BootstrapTableTests" time="5.139" errors="0" timestamp="2022-09-20T01:39:17 CEST" skipped="0">
  <testcase classname="d19_09_2022.BootstrapTableTests" name="takeAScreenshot" time="5.139"/>
  <system-out/>
</testsuite> <!-- d19_09_2022.BootstrapTableTests -->
